-------------------------------------------------------------------------------
Test set: healthyhair.validation.UserValidation.TestValidEmail
-------------------------------------------------------------------------------
Tests run: 2, Failures: 2, Errors: 0, Skipped: 0, Time elapsed: 0.004 sec <<< FAILURE!
healthyhair.validation.UserValidation.TestValidEmail.testInvalidEmailWithoutAtSymbol()  Time elapsed: 0.002 sec  <<< FAILURE!
java.lang.NoClassDefFoundError: org/junit/Assert
	at healthyhair.validation.UserValidation.TestValidEmail.testInvalidEmailWithoutAtSymbol(TestValidEmail.java:29)
Caused by: java.lang.ClassNotFoundException: org.junit.Assert
	at java.base/jdk.internal.loader.BuiltinClassLoader.loadClass(BuiltinClassLoader.java:641)
	at java.base/jdk.internal.loader.ClassLoaders$AppClassLoader.loadClass(ClassLoaders.java:188)
	at java.base/java.lang.ClassLoader.loadClass(ClassLoader.java:520)
	... 19 more

healthyhair.validation.UserValidation.TestValidEmail.testInvalidEmailWithoutcom()  Time elapsed: 0.002 sec  <<< FAILURE!
java.lang.NoClassDefFoundError: org/junit/Assert
	at healthyhair.validation.UserValidation.TestValidEmail.testInvalidEmailWithoutcom(TestValidEmail.java:40)
Caused by: java.lang.ClassNotFoundException: org.junit.Assert
	... 19 more

